Buildfile: /home/chasingcar/acad/sem-5/ca/cs311-lab/assignment-2/supporting_files/submissions/build.xml

build-subprojects:

init:
     [copy] Copying 14 files to /home/chasingcar/acad/sem-5/ca/cs311-lab/assignment-2/supporting_files/submissions/bin

build-project:
     [echo] CustomISAAssembler: /home/chasingcar/acad/sem-5/ca/cs311-lab/assignment-2/supporting_files/submissions/build.xml

build:

make-jar:
      [jar] Building jar: /home/chasingcar/acad/sem-5/ca/cs311-lab/assignment-2/supporting_files/submissions/jars/assembler.jar

BUILD SUCCESSFUL
Total time: 0 seconds
Error: LinkageError occurred while loading main class main.Main
	java.lang.UnsupportedClassVersionError: main/Main has been compiled by a more recent version of the Java Runtime (class file version 62.0), this version of the Java Runtime only recognizes class file versions up to 61.0
Error: LinkageError occurred while loading main class main.Main
	java.lang.UnsupportedClassVersionError: main/Main has been compiled by a more recent version of the Java Runtime (class file version 62.0), this version of the Java Runtime only recognizes class file versions up to 61.0
Error: LinkageError occurred while loading main class main.Main
	java.lang.UnsupportedClassVersionError: main/Main has been compiled by a more recent version of the Java Runtime (class file version 62.0), this version of the Java Runtime only recognizes class file versions up to 61.0
Buildfile: /home/chasingcar/acad/sem-5/ca/cs311-lab/assignment-2/supporting_files/submissions/build.xml

build-subprojects:

init:
     [copy] Copying 14 files to /home/chasingcar/acad/sem-5/ca/cs311-lab/assignment-2/supporting_files/submissions/bin

build-project:
     [echo] CustomISAAssembler: /home/chasingcar/acad/sem-5/ca/cs311-lab/assignment-2/supporting_files/submissions/build.xml

build:

make-jar:
      [jar] Building jar: /home/chasingcar/acad/sem-5/ca/cs311-lab/assignment-2/supporting_files/submissions/jars/assembler.jar

BUILD SUCCESSFUL
Total time: 0 seconds
Error: LinkageError occurred while loading main class main.Main
	java.lang.UnsupportedClassVersionError: main/Main has been compiled by a more recent version of the Java Runtime (class file version 62.0), this version of the Java Runtime only recognizes class file versions up to 61.0
Error: LinkageError occurred while loading main class main.Main
	java.lang.UnsupportedClassVersionError: main/Main has been compiled by a more recent version of the Java Runtime (class file version 62.0), this version of the Java Runtime only recognizes class file versions up to 61.0
Error: LinkageError occurred while loading main class main.Main
	java.lang.UnsupportedClassVersionError: main/Main has been compiled by a more recent version of the Java Runtime (class file version 62.0), this version of the Java Runtime only recognizes class file versions up to 61.0
Buildfile: /home/chasingcar/acad/sem-5/ca/cs311-lab/assignment-2/supporting_files/submissions/build.xml

build-subprojects:

init:
     [copy] Copying 12 files to /home/chasingcar/acad/sem-5/ca/cs311-lab/assignment-2/supporting_files/submissions/bin

build-project:
     [echo] CustomISAAssembler: /home/chasingcar/acad/sem-5/ca/cs311-lab/assignment-2/supporting_files/submissions/build.xml

build:

make-jar:
      [jar] Building jar: /home/chasingcar/acad/sem-5/ca/cs311-lab/assignment-2/supporting_files/submissions/jars/assembler.jar

BUILD SUCCESSFUL
Total time: 0 seconds
Symbol Table :
[{a=0, b=1, main=2}]

Parsed instructions :
[[PC=2	load	[Register:0]	[Label:a]	[Register:4]
, PC=3	end	null	null	null
]]
Symbol Table :
[{prime=11, a=0, for=6, main=1, notprime=14}]

Parsed instructions :
[[PC=1	load	[Register:0]	[Label:a]	[Register:3]
, PC=2	sub	[Register:4]	[Register:4]	[Register:4]
, PC=3	divi	[Register:3]	[Immediate:2]	[Register:4]
, PC=4	sub	[Register:6]	[Register:6]	[Register:6]
, PC=5	addi	[Register:6]	[Immediate:2]	[Register:6]
, PC=6	bgt	[Register:6]	[Register:4]	[Label:prime]
, PC=7	div	[Register:3]	[Register:6]	[Register:7]
, PC=8	beq	[Register:0]	[Register:31]	[Label:notprime]
, PC=9	addi	[Register:6]	[Immediate:1]	[Register:6]
, PC=10	jmp	null	null	[Label:for]
, PC=11	sub	[Register:10]	[Register:10]	[Register:10]
, PC=12	addi	[Register:10]	[Immediate:1]	[Register:10]
, PC=13	end	null	null	null
, PC=14	sub	[Register:10]	[Register:10]	[Register:10]
, PC=15	subi	[Register:10]	[Immediate:1]	[Register:10]
, PC=16	end	null	null	null
]]
Symbol Table :
[{a=0, palindrome=13, loop=3, main=1}]

Parsed instructions :
[[PC=1	load	[Register:0]	[Label:a]	[Register:3]
, PC=2	sub	[Register:7]	[Register:7]	[Register:7]
, PC=3	divi	[Register:3]	[Immediate:10]	[Register:4]
, PC=4	muli	[Register:7]	[Immediate:10]	[Register:7]
, PC=5	add	[Register:7]	[Register:31]	[Register:7]
, PC=6	divi	[Register:3]	[Immediate:10]	[Register:3]
, PC=7	bgt	[Register:3]	[Register:0]	[Label:loop]
, PC=8	load	[Register:0]	[Label:a]	[Register:5]
, PC=9	beq	[Register:5]	[Register:7]	[Label:palindrome]
, PC=10	sub	[Register:10]	[Register:10]	[Register:10]
, PC=11	subi	[Register:10]	[Immediate:1]	[Register:10]
, PC=12	end	null	null	null
, PC=13	sub	[Register:10]	[Register:10]	[Register:10]
, PC=14	addi	[Register:10]	[Immediate:1]	[Register:10]
, PC=15	end	null	null	null
]]
Buildfile: /home/chasingcar/acad/sem-5/ca/cs311-lab/assignment-2/supporting_files/submissions/build.xml

build-subprojects:

init:
     [copy] Copying 14 files to /home/chasingcar/acad/sem-5/ca/cs311-lab/assignment-2/supporting_files/submissions/bin

build-project:
     [echo] CustomISAAssembler: /home/chasingcar/acad/sem-5/ca/cs311-lab/assignment-2/supporting_files/submissions/build.xml

build:

make-jar:
      [jar] Building jar: /home/chasingcar/acad/sem-5/ca/cs311-lab/assignment-2/supporting_files/submissions/jars/assembler.jar

BUILD SUCCESSFUL
Total time: 0 seconds
Error: LinkageError occurred while loading main class main.Main
	java.lang.UnsupportedClassVersionError: main/Main has been compiled by a more recent version of the Java Runtime (class file version 62.0), this version of the Java Runtime only recognizes class file versions up to 61.0
Error: LinkageError occurred while loading main class main.Main
	java.lang.UnsupportedClassVersionError: main/Main has been compiled by a more recent version of the Java Runtime (class file version 62.0), this version of the Java Runtime only recognizes class file versions up to 61.0
Error: LinkageError occurred while loading main class main.Main
	java.lang.UnsupportedClassVersionError: main/Main has been compiled by a more recent version of the Java Runtime (class file version 62.0), this version of the Java Runtime only recognizes class file versions up to 61.0
Buildfile: /home/chasingcar/acad/sem-5/ca/cs311-lab/assignment-2/supporting_files/submissions/build.xml

build-subprojects:

init:
     [copy] Copying 12 files to /home/chasingcar/acad/sem-5/ca/cs311-lab/assignment-2/supporting_files/submissions/bin

build-project:
     [echo] CustomISAAssembler: /home/chasingcar/acad/sem-5/ca/cs311-lab/assignment-2/supporting_files/submissions/build.xml

build:

make-jar:
      [jar] Building jar: /home/chasingcar/acad/sem-5/ca/cs311-lab/assignment-2/supporting_files/submissions/jars/assembler.jar

BUILD SUCCESSFUL
Total time: 0 seconds
Symbol Table :
[{a=0, b=1, main=2}]

Parsed instructions :
[[PC=2	load	[Register:0]	[Label:a]	[Register:4]
, PC=3	end	null	null	null
]]
Symbol Table :
[{prime=11, a=0, for=6, main=1, notprime=14}]

Parsed instructions :
[[PC=1	load	[Register:0]	[Label:a]	[Register:3]
, PC=2	sub	[Register:4]	[Register:4]	[Register:4]
, PC=3	divi	[Register:3]	[Immediate:2]	[Register:4]
, PC=4	sub	[Register:6]	[Register:6]	[Register:6]
, PC=5	addi	[Register:6]	[Immediate:2]	[Register:6]
, PC=6	bgt	[Register:6]	[Register:4]	[Label:prime]
, PC=7	div	[Register:3]	[Register:6]	[Register:7]
, PC=8	beq	[Register:0]	[Register:31]	[Label:notprime]
, PC=9	addi	[Register:6]	[Immediate:1]	[Register:6]
, PC=10	jmp	null	null	[Label:for]
, PC=11	sub	[Register:10]	[Register:10]	[Register:10]
, PC=12	addi	[Register:10]	[Immediate:1]	[Register:10]
, PC=13	end	null	null	null
, PC=14	sub	[Register:10]	[Register:10]	[Register:10]
, PC=15	subi	[Register:10]	[Immediate:1]	[Register:10]
, PC=16	end	null	null	null
]]
Symbol Table :
[{a=0, palindrome=13, loop=3, main=1}]

Parsed instructions :
[[PC=1	load	[Register:0]	[Label:a]	[Register:3]
, PC=2	sub	[Register:7]	[Register:7]	[Register:7]
, PC=3	divi	[Register:3]	[Immediate:10]	[Register:4]
, PC=4	muli	[Register:7]	[Immediate:10]	[Register:7]
, PC=5	add	[Register:7]	[Register:31]	[Register:7]
, PC=6	divi	[Register:3]	[Immediate:10]	[Register:3]
, PC=7	bgt	[Register:3]	[Register:0]	[Label:loop]
, PC=8	load	[Register:0]	[Label:a]	[Register:5]
, PC=9	beq	[Register:5]	[Register:7]	[Label:palindrome]
, PC=10	sub	[Register:10]	[Register:10]	[Register:10]
, PC=11	subi	[Register:10]	[Immediate:1]	[Register:10]
, PC=12	end	null	null	null
, PC=13	sub	[Register:10]	[Register:10]	[Register:10]
, PC=14	addi	[Register:10]	[Immediate:1]	[Register:10]
, PC=15	end	null	null	null
]]
Buildfile: /home/chasingcar/acad/sem-5/ca/cs311-lab/assignment-2/supporting_files/submissions/build.xml

build-subprojects:

init:
     [copy] Copying 12 files to /home/chasingcar/acad/sem-5/ca/cs311-lab/assignment-2/supporting_files/submissions/bin

build-project:
     [echo] CustomISAAssembler: /home/chasingcar/acad/sem-5/ca/cs311-lab/assignment-2/supporting_files/submissions/build.xml

build:

make-jar:
      [jar] Building jar: /home/chasingcar/acad/sem-5/ca/cs311-lab/assignment-2/supporting_files/submissions/jars/assembler.jar

BUILD SUCCESSFUL
Total time: 0 seconds
Symbol Table :
[{a=0, b=1, main=2}]

Parsed instructions :
[[PC=2	load	[Register:0]	[Label:a]	[Register:4]
, PC=3	end	null	null	null
]]
Symbol Table :
[{prime=11, a=0, for=6, main=1, notprime=14}]

Parsed instructions :
[[PC=1	load	[Register:0]	[Label:a]	[Register:3]
, PC=2	sub	[Register:4]	[Register:4]	[Register:4]
, PC=3	divi	[Register:3]	[Immediate:2]	[Register:4]
, PC=4	sub	[Register:6]	[Register:6]	[Register:6]
, PC=5	addi	[Register:6]	[Immediate:2]	[Register:6]
, PC=6	bgt	[Register:6]	[Register:4]	[Label:prime]
, PC=7	div	[Register:3]	[Register:6]	[Register:7]
, PC=8	beq	[Register:0]	[Register:31]	[Label:notprime]
, PC=9	addi	[Register:6]	[Immediate:1]	[Register:6]
, PC=10	jmp	null	null	[Label:for]
, PC=11	sub	[Register:10]	[Register:10]	[Register:10]
, PC=12	addi	[Register:10]	[Immediate:1]	[Register:10]
, PC=13	end	null	null	null
, PC=14	sub	[Register:10]	[Register:10]	[Register:10]
, PC=15	subi	[Register:10]	[Immediate:1]	[Register:10]
, PC=16	end	null	null	null
]]
Symbol Table :
[{a=0, palindrome=13, loop=3, main=1}]

Parsed instructions :
[[PC=1	load	[Register:0]	[Label:a]	[Register:3]
, PC=2	sub	[Register:7]	[Register:7]	[Register:7]
, PC=3	divi	[Register:3]	[Immediate:10]	[Register:4]
, PC=4	muli	[Register:7]	[Immediate:10]	[Register:7]
, PC=5	add	[Register:7]	[Register:31]	[Register:7]
, PC=6	divi	[Register:3]	[Immediate:10]	[Register:3]
, PC=7	bgt	[Register:3]	[Register:0]	[Label:loop]
, PC=8	load	[Register:0]	[Label:a]	[Register:5]
, PC=9	beq	[Register:5]	[Register:7]	[Label:palindrome]
, PC=10	sub	[Register:10]	[Register:10]	[Register:10]
, PC=11	subi	[Register:10]	[Immediate:1]	[Register:10]
, PC=12	end	null	null	null
, PC=13	sub	[Register:10]	[Register:10]	[Register:10]
, PC=14	addi	[Register:10]	[Immediate:1]	[Register:10]
, PC=15	end	null	null	null
]]
Buildfile: /home/chasingcar/acad/sem-5/ca/cs311-lab/assignment-2/supporting_files/submissions/build.xml

build-subprojects:

init:
     [copy] Copying 12 files to /home/chasingcar/acad/sem-5/ca/cs311-lab/assignment-2/supporting_files/submissions/bin

build-project:
     [echo] CustomISAAssembler: /home/chasingcar/acad/sem-5/ca/cs311-lab/assignment-2/supporting_files/submissions/build.xml

build:

make-jar:
      [jar] Building jar: /home/chasingcar/acad/sem-5/ca/cs311-lab/assignment-2/supporting_files/submissions/jars/assembler.jar

BUILD SUCCESSFUL
Total time: 0 seconds
Symbol Table :
[{a=0, b=1, main=2}]

Parsed instructions :
[[PC=2	load	[Register:0]	[Label:a]	[Register:4]
, PC=3	end	null	null	null
]]
Symbol Table :
[{prime=11, a=0, for=6, main=1, notprime=14}]

Parsed instructions :
[[PC=1	load	[Register:0]	[Label:a]	[Register:3]
, PC=2	sub	[Register:4]	[Register:4]	[Register:4]
, PC=3	divi	[Register:3]	[Immediate:2]	[Register:4]
, PC=4	sub	[Register:6]	[Register:6]	[Register:6]
, PC=5	addi	[Register:6]	[Immediate:2]	[Register:6]
, PC=6	bgt	[Register:6]	[Register:4]	[Label:prime]
, PC=7	div	[Register:3]	[Register:6]	[Register:7]
, PC=8	beq	[Register:0]	[Register:31]	[Label:notprime]
, PC=9	addi	[Register:6]	[Immediate:1]	[Register:6]
, PC=10	jmp	null	null	[Label:for]
, PC=11	sub	[Register:10]	[Register:10]	[Register:10]
, PC=12	addi	[Register:10]	[Immediate:1]	[Register:10]
, PC=13	end	null	null	null
, PC=14	sub	[Register:10]	[Register:10]	[Register:10]
, PC=15	subi	[Register:10]	[Immediate:1]	[Register:10]
, PC=16	end	null	null	null
]]
Symbol Table :
[{a=0, palindrome=13, loop=3, main=1}]

Parsed instructions :
[[PC=1	load	[Register:0]	[Label:a]	[Register:3]
, PC=2	sub	[Register:7]	[Register:7]	[Register:7]
, PC=3	divi	[Register:3]	[Immediate:10]	[Register:4]
, PC=4	muli	[Register:7]	[Immediate:10]	[Register:7]
, PC=5	add	[Register:7]	[Register:31]	[Register:7]
, PC=6	divi	[Register:3]	[Immediate:10]	[Register:3]
, PC=7	bgt	[Register:3]	[Register:0]	[Label:loop]
, PC=8	load	[Register:0]	[Label:a]	[Register:5]
, PC=9	beq	[Register:5]	[Register:7]	[Label:palindrome]
, PC=10	sub	[Register:10]	[Register:10]	[Register:10]
, PC=11	subi	[Register:10]	[Immediate:1]	[Register:10]
, PC=12	end	null	null	null
, PC=13	sub	[Register:10]	[Register:10]	[Register:10]
, PC=14	addi	[Register:10]	[Immediate:1]	[Register:10]
, PC=15	end	null	null	null
]]
Buildfile: /home/chasingcar/acad/sem-5/ca/cs311-lab/assignment-2/supporting_files/submissions/build.xml

build-subprojects:

init:
     [copy] Copying 14 files to /home/chasingcar/acad/sem-5/ca/cs311-lab/assignment-2/supporting_files/submissions/bin

build-project:
     [echo] CustomISAAssembler: /home/chasingcar/acad/sem-5/ca/cs311-lab/assignment-2/supporting_files/submissions/build.xml

build:

make-jar:
      [jar] Building jar: /home/chasingcar/acad/sem-5/ca/cs311-lab/assignment-2/supporting_files/submissions/jars/assembler.jar

BUILD SUCCESSFUL
Total time: 0 seconds
Error: LinkageError occurred while loading main class main.Main
	java.lang.UnsupportedClassVersionError: main/Main has been compiled by a more recent version of the Java Runtime (class file version 62.0), this version of the Java Runtime only recognizes class file versions up to 61.0
Error: LinkageError occurred while loading main class main.Main
	java.lang.UnsupportedClassVersionError: main/Main has been compiled by a more recent version of the Java Runtime (class file version 62.0), this version of the Java Runtime only recognizes class file versions up to 61.0
Error: LinkageError occurred while loading main class main.Main
	java.lang.UnsupportedClassVersionError: main/Main has been compiled by a more recent version of the Java Runtime (class file version 62.0), this version of the Java Runtime only recognizes class file versions up to 61.0
Buildfile: /home/chasingcar/acad/sem-5/ca/cs311-lab/assignment-2/supporting_files/submissions/build.xml

build-subprojects:

init:
     [copy] Copying 17 files to /home/chasingcar/acad/sem-5/ca/cs311-lab/assignment-2/supporting_files/submissions/bin

build-project:
     [echo] CustomISAAssembler: /home/chasingcar/acad/sem-5/ca/cs311-lab/assignment-2/supporting_files/submissions/build.xml

build:

make-jar:
      [jar] Building jar: /home/chasingcar/acad/sem-5/ca/cs311-lab/assignment-2/supporting_files/submissions/jars/assembler.jar

BUILD SUCCESSFUL
Total time: 0 seconds
Error: LinkageError occurred while loading main class main.Main
	java.lang.UnsupportedClassVersionError: main/Main has been compiled by a more recent version of the Java Runtime (class file version 62.0), this version of the Java Runtime only recognizes class file versions up to 61.0
Error: LinkageError occurred while loading main class main.Main
	java.lang.UnsupportedClassVersionError: main/Main has been compiled by a more recent version of the Java Runtime (class file version 62.0), this version of the Java Runtime only recognizes class file versions up to 61.0
Error: LinkageError occurred while loading main class main.Main
	java.lang.UnsupportedClassVersionError: main/Main has been compiled by a more recent version of the Java Runtime (class file version 62.0), this version of the Java Runtime only recognizes class file versions up to 61.0
Buildfile: /home/chasingcar/acad/sem-5/ca/cs311-lab/assignment-2/supporting_files/submissions/build.xml

build-subprojects:

init:
     [copy] Copying 17 files to /home/chasingcar/acad/sem-5/ca/cs311-lab/assignment-2/supporting_files/submissions/bin

build-project:
     [echo] CustomISAAssembler: /home/chasingcar/acad/sem-5/ca/cs311-lab/assignment-2/supporting_files/submissions/build.xml

build:

make-jar:
      [jar] Building jar: /home/chasingcar/acad/sem-5/ca/cs311-lab/assignment-2/supporting_files/submissions/jars/assembler.jar

BUILD SUCCESSFUL
Total time: 0 seconds
Error: LinkageError occurred while loading main class main.Main
	java.lang.UnsupportedClassVersionError: main/Main has been compiled by a more recent version of the Java Runtime (class file version 62.0), this version of the Java Runtime only recognizes class file versions up to 61.0
Error: LinkageError occurred while loading main class main.Main
	java.lang.UnsupportedClassVersionError: main/Main has been compiled by a more recent version of the Java Runtime (class file version 62.0), this version of the Java Runtime only recognizes class file versions up to 61.0
Error: LinkageError occurred while loading main class main.Main
	java.lang.UnsupportedClassVersionError: main/Main has been compiled by a more recent version of the Java Runtime (class file version 62.0), this version of the Java Runtime only recognizes class file versions up to 61.0
